app/build/outputs/mapping/release/seeds.txt
de.jweimar.android.vertretungsplan.CodeEntry
de.jweimar.android.vertretungsplan.CodeEntry: CodeEntry()
de.jweimar.android.vertretungsplan.Configure
de.jweimar.android.vertretungsplan.Configure: Configure()
de.jweimar.android.vertretungsplan.Configure: void onOK(android.view.View)
de.jweimar.android.vertretungsplan.Configure: void onNext(android.view.View)
de.jweimar.android.vertretungsplan.Configure: void onVacation(android.view.View)
de.jweimar.android.vertretungsplan.Entschuldigung
de.jweimar.android.vertretungsplan.Entschuldigung: Entschuldigung()
de.jweimar.android.vertretungsplan.GcmBroadcastReceiver
de.jweimar.android.vertretungsplan.GcmBroadcastReceiver: GcmBroadcastReceiver()
de.jweimar.android.vertretungsplan.InfoScreen
de.jweimar.android.vertretungsplan.InfoScreen: InfoScreen()
de.jweimar.android.vertretungsplan.NotificationCancelReceiver
de.jweimar.android.vertretungsplan.NotificationCancelReceiver: NotificationCancelReceiver()
de.jweimar.android.vertretungsplan.Provider
de.jweimar.android.vertretungsplan.Provider: Provider()
de.jweimar.android.vertretungsplan.Provider2
de.jweimar.android.vertretungsplan.Provider2: Provider2()
de.jweimar.android.vertretungsplan.R$array: int geschlecht
de.jweimar.android.vertretungsplan.R$array: int klassen_array
de.jweimar.android.vertretungsplan.R$array: int nummern_array
de.jweimar.android.vertretungsplan.R$attr: int buttonSize
de.jweimar.android.vertretungsplan.R$attr: int circleCrop
de.jweimar.android.vertretungsplan.R$attr: int colorScheme
de.jweimar.android.vertretungsplan.R$attr: int font
de.jweimar.android.vertretungsplan.R$attr: int fontProviderAuthority
de.jweimar.android.vertretungsplan.R$attr: int fontProviderCerts
de.jweimar.android.vertretungsplan.R$attr: int fontProviderFetchStrategy
de.jweimar.android.vertretungsplan.R$attr: int fontProviderFetchTimeout
de.jweimar.android.vertretungsplan.R$attr: int fontProviderPackage
de.jweimar.android.vertretungsplan.R$attr: int fontProviderQuery
de.jweimar.android.vertretungsplan.R$attr: int fontStyle
de.jweimar.android.vertretungsplan.R$attr: int fontWeight
de.jweimar.android.vertretungsplan.R$attr: int imageAspectRatio
de.jweimar.android.vertretungsplan.R$attr: int imageAspectRatioAdjust
de.jweimar.android.vertretungsplan.R$attr: int scopeUris
de.jweimar.android.vertretungsplan.R$bool: int abc_action_bar_embed_tabs
de.jweimar.android.vertretungsplan.R$color: int common_google_signin_btn_text_dark
de.jweimar.android.vertretungsplan.R$color: int common_google_signin_btn_text_dark_default
de.jweimar.android.vertretungsplan.R$color: int common_google_signin_btn_text_dark_disabled
de.jweimar.android.vertretungsplan.R$color: int common_google_signin_btn_text_dark_focused
de.jweimar.android.vertretungsplan.R$color: int common_google_signin_btn_text_dark_pressed
de.jweimar.android.vertretungsplan.R$color: int common_google_signin_btn_text_light
de.jweimar.android.vertretungsplan.R$color: int common_google_signin_btn_text_light_default
de.jweimar.android.vertretungsplan.R$color: int common_google_signin_btn_text_light_disabled
de.jweimar.android.vertretungsplan.R$color: int common_google_signin_btn_text_light_focused
de.jweimar.android.vertretungsplan.R$color: int common_google_signin_btn_text_light_pressed
de.jweimar.android.vertretungsplan.R$color: int common_google_signin_btn_tint
de.jweimar.android.vertretungsplan.R$color: int notification_action_color_filter
de.jweimar.android.vertretungsplan.R$color: int notification_icon_bg_color
de.jweimar.android.vertretungsplan.R$color: int notification_material_background_media_default_color
de.jweimar.android.vertretungsplan.R$color: int primary_text_default_material_dark
de.jweimar.android.vertretungsplan.R$color: int ripple_material_light
de.jweimar.android.vertretungsplan.R$color: int secondary_text_default_material_dark
...
android.support.coreui.R$dimen: int compat_button_inset_horizontal_material
android.support.coreui.R$dimen: int compat_button_inset_vertical_material
android.support.coreui.R$dimen: int compat_button_padding_horizontal_material
android.support.coreui.R$dimen: int compat_button_padding_vertical_material
android.support.coreui.R$dimen: int compat_control_corner_material
android.support.coreui.R$dimen: int notification_action_icon_size
android.support.coreui.R$dimen: int notification_action_text_size
android.support.coreui.R$dimen: int notification_big_circle_margin
android.support.coreui.R$dimen: int notification_content_margin_start
android.support.coreui.R$dimen: int notification_large_icon_height
android.support.coreui.R$dimen: int notification_large_icon_width
android.support.coreui.R$dimen: int notification_main_column_padding_top
android.support.coreui.R$dimen: int notification_media_narrow_margin
android.support.coreui.R$dimen: int notification_right_icon_size
android.support.coreui.R$dimen: int notification_right_side_padding_top
android.support.coreui.R$dimen: int notification_small_icon_background_padding
android.support.coreui.R$dimen: int notification_small_icon_size_as_large
android.support.coreui.R$dimen: int notification_subtext_size
android.support.coreui.R$dimen: int notification_top_pad
android.support.coreui.R$dimen: int notification_top_pad_large_text
android.support.coreui.R$drawable: int notification_action_background
android.support.coreui.R$drawable: int notification_bg
android.support.coreui.R$drawable: int notification_bg_low
android.support.coreui.R$drawable: int notification_bg_low_normal
android.support.coreui.R$drawable: int notification_bg_low_pressed
android.support.coreui.R$drawable: int notification_bg_normal
android.support.coreui.R$drawable: int notification_bg_normal_pressed
android.support.coreui.R$drawable: int notification_icon_background
android.support.coreui.R$drawable: int notification_template_icon_bg
android.support.coreui.R$drawable: int notification_template_icon_low_bg
android.support.coreui.R$drawable: int notification_tile_bg
android.support.coreui.R$drawable: int notify_panel_notification_icon_bg
android.support.coreui.R$id: int action_container
android.support.coreui.R$id: int action_divider
android.support.coreui.R$id: int action_image
android.support.coreui.R$id: int action_text
android.support.coreui.R$id: int actions
android.support.coreui.R$id: int async
android.support.coreui.R$id: int blocking
android.support.coreui.R$id: int chronometer
android.support.coreui.R$id: int forever
android.support.coreui.R$id: int icon
android.support.coreui.R$id: int icon_group
android.support.coreui.R$id: int info
android.support.coreui.R$id: int italic
android.support.coreui.R$id: int line1
android.support.coreui.R$id: int line3
android.support.coreui.R$id: int normal
android.support.coreui.R$id: int notification_background
android.support.coreui.R$id: int notification_main_column
android.support.coreui.R$id: int notification_main_column_container
android.support.coreui.R$id: int right_icon
android.support.coreui.R$id: int right_side
android.support.coreui.R$id: int text
android.support.coreui.R$id: int text2
android.support.coreui.R$id: int time
android.support.coreui.R$id: int title
android.support.coreui.R$integer: int status_bar_notification_info_maxnum
android.support.coreui.R$layout: int notification_action
android.support.coreui.R$layout: int notification_action_tombstone
android.support.coreui.R$layout: int notification_template_custom_big
android.support.coreui.R$layout: int notification_template_icon_group
android.support.coreui.R$layout: int notification_template_part_chronometer
android.support.coreui.R$layout: int notification_template_part_time
android.support.coreui.R$string: int status_bar_notification_info_overflow