app/build/outputs/mapping/release/mapping.txt
de.jweimar.android.vertretungsplan.CloudMessagingServices -> de.jweimar.android.vertretungsplan.a:
    com.google.android.gms.gcm.GoogleCloudMessaging gcm -> a
    java.lang.String LOG_TAG -> e
    android.app.Activity activity -> b
    java.lang.String SENDER_ID -> c
    de.jweimar.android.vertretungsplan.PersistentData mydata -> d
    void <init>(android.app.Activity) -> <init>
    void checkAndRegister() -> a
    boolean checkPlayServices() -> c
    void sendRegisterInBackground() -> d
    void registerInBackground() -> e
    java.lang.String sendRegistrationIdToBackend(de.jweimar.android.vertretungsplan.PersistentData) -> b
    java.lang.String access$000(de.jweimar.android.vertretungsplan.PersistentData) -> a
    java.lang.String access$100() -> b
    void <clinit>() -> <clinit>
de.jweimar.android.vertretungsplan.CloudMessagingServices$1 -> de.jweimar.android.vertretungsplan.a$1:
    de.jweimar.android.vertretungsplan.CloudMessagingServices this$0 -> a
    void <init>(de.jweimar.android.vertretungsplan.CloudMessagingServices) -> <init>
    java.lang.String doInBackground(java.lang.Void[]) -> a
    void onPostExecute(java.lang.String) -> a
    void onPostExecute(java.lang.Object) -> onPostExecute
    java.lang.Object doInBackground(java.lang.Object[]) -> doInBackground
de.jweimar.android.vertretungsplan.CloudMessagingServices$RegisterTask -> de.jweimar.android.vertretungsplan.a$a:
    void <init>() -> <init>
    java.lang.String doInBackground(de.jweimar.android.vertretungsplan.PersistentData[]) -> a
    void onPostExecute(java.lang.String) -> a
    void onPostExecute(java.lang.Object) -> onPostExecute
    java.lang.Object doInBackground(java.lang.Object[]) -> doInBackground
de.jweimar.android.vertretungsplan.CodeEntry -> de.jweimar.android.vertretungsplan.CodeEntry:
    java.lang.String uniqueId -> a
    java.lang.String oldCode -> b
    android.widget.EditText codeField -> c
    android.widget.ProgressBar pb -> d
    java.lang.String codeString -> e
    boolean wifiConnected -> f
    boolean mobileConnected -> g
    void <init>() -> <init>
    void onCreate(android.os.Bundle) -> onCreate
    void prepareCodeField() -> a
    void prepareOkButton() -> b
    void prepareCancelButton() -> c
    void checkCode() -> d
    void updateConnectedFlags() -> e
    void access$000(de.jweimar.android.vertretungsplan.CodeEntry) -> a
    java.lang.String access$200(de.jweimar.android.vertretungsplan.CodeEntry) -> b
    void <clinit>() -> <clinit>
de.jweimar.android.vertretungsplan.CodeEntry$1 -> de.jweimar.android.vertretungsplan.CodeEntry$1:
    de.jweimar.android.vertretungsplan.CodeEntry this$0 -> a
    void <init>(de.jweimar.android.vertretungsplan.CodeEntry) -> <init>
    boolean onEditorAction(android.widget.TextView,int,android.view.KeyEvent) -> onEditorAction
de.jweimar.android.vertretungsplan.CodeEntry$2 -> de.jweimar.android.vertretungsplan.CodeEntry$2:
    de.jweimar.android.vertretungsplan.CodeEntry this$0 -> a
    void <init>(de.jweimar.android.vertretungsplan.CodeEntry) -> <init>
    void onClick(android.view.View) -> onClick
de.jweimar.android.vertretungsplan.CodeEntry$3 -> de.jweimar.android.vertretungsplan.CodeEntry$3:
    de.jweimar.android.vertretungsplan.CodeEntry this$0 -> a
    void <init>(de.jweimar.android.vertretungsplan.CodeEntry) -> <init>
    void onClick(android.view.View) -> onClick
...
android.support.v4.app.BackStackState$1 -> android.support.v4.a.c$1:
    void <init>() -> <init>
    android.support.v4.app.BackStackState createFromParcel(android.os.Parcel) -> a
    android.support.v4.app.BackStackState[] newArray(int) -> a
    java.lang.Object[] newArray(int) -> newArray
    java.lang.Object createFromParcel(android.os.Parcel) -> createFromParcel
android.support.v4.app.BaseFragmentActivityApi14 -> android.support.v4.a.d:
    boolean mStartedIntentSenderFromFragment -> a
    void <init>() -> <init>
    android.view.View onCreateView(android.view.View,java.lang.String,android.content.Context,android.util.AttributeSet) -> onCreateView
    android.view.View onCreateView(java.lang.String,android.content.Context,android.util.AttributeSet) -> onCreateView
    android.view.View dispatchFragmentsOnCreateView(android.view.View,java.lang.String,android.content.Context,android.util.AttributeSet) -> a
    void startIntentSenderForResult(android.content.IntentSender,int,android.content.Intent,int,int,int) -> startIntentSenderForResult
    void checkForValidRequestCode(int) -> a
android.support.v4.app.BaseFragmentActivityApi16 -> android.support.v4.a.e:
    boolean mStartedActivityFromFragment -> b
    void <init>() -> <init>
    void startActivityForResult(android.content.Intent,int,android.os.Bundle) -> startActivityForResult
    void startIntentSenderForResult(android.content.IntentSender,int,android.content.Intent,int,int,int,android.os.Bundle) -> startIntentSenderForResult
android.support.v4.app.BundleCompat -> android.support.v4.a.f:
    android.os.IBinder getBinder(android.os.Bundle,java.lang.String) -> a
android.support.v4.app.BundleCompat$BundleCompatBaseImpl -> android.support.v4.a.f$a:
    java.lang.reflect.Method sGetIBinderMethod -> a
    boolean sGetIBinderMethodFetched -> b
    android.os.IBinder getBinder(android.os.Bundle,java.lang.String) -> a
android.support.v4.app.DialogFragment -> android.support.v4.a.g:
    int mStyle -> a
    int mTheme -> b
    boolean mCancelable -> c
    boolean mShowsDialog -> d
    int mBackStackId -> e
    android.app.Dialog mDialog -> f
    boolean mViewDestroyed -> g
    boolean mDismissed -> h
    boolean mShownByMe -> i
    void <init>() -> <init>
    void show(android.support.v4.app.FragmentManager,java.lang.String) -> a
    void dismissInternal(boolean) -> a
    int getTheme() -> b
    void setShowsDialog(boolean) -> b
    void onAttach(android.content.Context) -> a
    void onDetach() -> c
    void onCreate(android.os.Bundle) -> a
    android.view.LayoutInflater onGetLayoutInflater(android.os.Bundle) -> b
    void setupDialog(android.app.Dialog,int) -> a
    android.app.Dialog onCreateDialog(android.os.Bundle) -> c
    void onCancel(android.content.DialogInterface) -> onCancel
    void onDismiss(android.content.DialogInterface) -> onDismiss
    void onActivityCreated(android.os.Bundle) -> d
    void onStart() -> d
    void onSaveInstanceState(android.os.Bundle) -> e
    void onStop() -> e
    void onDestroyView() -> f