app/build/outputs/mapping/release/usage.txt
de.jweimar.android.vertretungsplan.BuildConfig
de.jweimar.android.vertretungsplan.CloudMessagingServices:
    private static final int PLAY_SERVICES_RESOLUTION_REQUEST
    186:186:public java.lang.String sendUnRegistrationIdToBackend()
de.jweimar.android.vertretungsplan.CodeEntry:
    static final java.lang.String CODE_RESULT
    static final int DIALOG_CODE_ENTRY
    public static final java.lang.String UNIQUE_ID
    public static final java.lang.String OLD_CODE
    public static final java.lang.String GCM_ID
    static final java.lang.String TAG
    protected static final int CODE_LENGTH
de.jweimar.android.vertretungsplan.Configure:
    private static final long VIERZEHNTAGEINMILLISECONDS
    static final java.lang.String TAG
    private static final long THIRTY_MINUTES
de.jweimar.android.vertretungsplan.Configure$UrlLadeTask
de.jweimar.android.vertretungsplan.Entschuldigung:
    private static final java.lang.String NAME2
    private static final java.lang.String KLASSE
    private static final java.lang.String KLASSENLEHRER
    private static final java.lang.String GRUND
    private static final java.lang.String ERZIEHER
    protected static final java.lang.String GESCHLECHT
de.jweimar.android.vertretungsplan.InfoScreen:
    private static final java.lang.String TAG
de.jweimar.android.vertretungsplan.Manifest
de.jweimar.android.vertretungsplan.Manifest$permission
de.jweimar.android.vertretungsplan.PersistentData:
    private static final java.lang.String PREF_KLASSE_KEY
    private static final java.lang.String PREF_TAG_KEY
    private static final java.lang.String PREF_DATUM_KEY
    private static final java.lang.String PREF_ALLE_KEY
    private static final java.lang.String PREF_LASTUPDATE_KEY
    private static final java.lang.String PREF_URLSTART_KEY
    private static final java.lang.String PREF_UNIQUEID_KEY
    private static final java.lang.String PREF_PAUSED_KEY
    private static final java.lang.String PREF_KLASSENARRAY_KEY
    private static final java.lang.String PREF_KLASSENNAMENBENOETIGENUPDATE_KEY
    private static final java.lang.String PREF_LASTKLASSENNAMENUPDATE_KEY
    private static final java.lang.String PREF_CODE_KEY
    private static final java.lang.String PREF_REGISTRATIONID_KEY
    private static final java.lang.String PREF_REGISTRATION_LASTFAIL
    private static final java.lang.String PREF_REGISTRATION_DELTARETRY
    private static final java.lang.String PREF_REGISTRATION_CODE
    private static final java.lang.String PREF_APP_VERSION
    private static final java.lang.String PREFS_NAME
    private static final java.lang.String TAG
    public static final int DUMMY_APPWIDGET_ID
    103:104:static boolean firstTimeCloud(android.content.Context)
    361:373:private java.lang.String generateKlassenArray()
de.jweimar.android.vertretungsplan.Provider:
    private static final java.lang.String TAG
    static final boolean DEBUG
    private static final int INTERVAL
de.jweimar.android.vertretungsplan.R
de.jweimar.android.vertretungsplan.R$array
de.jweimar.android.vertretungsplan.R$attr
de.jweimar.android.vertretungsplan.R$bool
de.jweimar.android.vertretungsplan.R$color
de.jweimar.android.vertretungsplan.R$dimen
de.jweimar.android.vertretungsplan.R$drawable
de.jweimar.android.vertretungsplan.R$id
de.jweimar.android.vertretungsplan.R$integer
de.jweimar.android.vertretungsplan.R$layout
de.jweimar.android.vertretungsplan.R$menu
de.jweimar.android.vertretungsplan.R$string
de.jweimar.android.vertretungsplan.R$style
de.jweimar.android.vertretungsplan.R$styleable
de.jweimar.android.vertretungsplan.R$xml
de.jweimar.android.vertretungsplan.UntisConnector:
    private static final java.lang.String TAG
    private static final boolean debug
    private static final java.lang.String UTF8oe
    private static final java.lang.String ISOoe
    private static final java.lang.String SELTSAMoe
...
com.google.android.gms.base.R$id
com.google.android.gms.base.R$string:
    76:76:private R$string()
com.google.android.gms.base.R$styleable
com.google.android.gms.common.AccountPicker
com.google.android.gms.common.BlockingServiceConnection
com.google.android.gms.common.ConnectionResult:
    public static final int UNKNOWN
    public static final int SUCCESS
    public static final int SERVICE_MISSING
    public static final int SERVICE_VERSION_UPDATE_REQUIRED
    public static final int SERVICE_DISABLED
    public static final int SIGN_IN_REQUIRED
    public static final int INVALID_ACCOUNT
    public static final int RESOLUTION_REQUIRED
    public static final int NETWORK_ERROR
    public static final int INTERNAL_ERROR
    public static final int SERVICE_INVALID
    public static final int DEVELOPER_ERROR
    public static final int LICENSE_CHECK_FAILED
    public static final int CANCELED
    public static final int TIMEOUT
    public static final int INTERRUPTED
    public static final int API_UNAVAILABLE
    public static final int SIGN_IN_FAILED
    public static final int SERVICE_UPDATING
    public static final int SERVICE_MISSING_PERMISSION
    public static final int RESTRICTED_PROFILE
    public static final int DRIVE_EXTERNAL_STORAGE_REQUIRED
    13:18:public final void startResolutionForResult(android.app.Activity,int)
com.google.android.gms.common.ErrorDialogFragment:
    10:10:public static com.google.android.gms.common.ErrorDialogFragment newInstance(android.app.Dialog)
com.google.android.gms.common.Feature:
    1:5:public Feature(java.lang.String,long)
com.google.android.gms.common.FirstPartyScopes
com.google.android.gms.common.GoogleApiAvailability:
    public static final java.lang.String GOOGLE_PLAY_SERVICES_PACKAGE
    3:13:public com.google.android.gms.tasks.Task makeGooglePlayServicesAvailable(android.app.Activity)
    14:14:public android.app.Dialog getErrorDialog(android.app.Activity,int,int)
    19:19:public boolean showErrorDialogFragment(android.app.Activity,int,int)
    38:40:public void showErrorNotification(android.content.Context,com.google.android.gms.common.ConnectionResult)
    71:82:public varargs com.google.android.gms.tasks.Task checkApiAvailability(com.google.android.gms.common.api.GoogleApi,com.google.android.gms.common.api.GoogleApi[])
    86:92:public void setDefaultNotificationChannelId(android.content.Context,java.lang.String)
    101:101:public int getClientVersion(android.content.Context)
com.google.android.gms.common.GoogleApiAvailabilityLight:
    public static final java.lang.String GOOGLE_PLAY_SERVICES_PACKAGE
    public static final java.lang.String GOOGLE_PLAY_STORE_PACKAGE
    static final java.lang.String TRACKING_SOURCE_DIALOG
    static final java.lang.String TRACKING_SOURCE_NOTIFICATION
    1:1:public static com.google.android.gms.common.GoogleApiAvailabilityLight getInstance()
    9:10:public void verifyGooglePlayServicesIsAvailable(android.content.Context,int)
    12:12:public android.content.Intent getErrorResolutionIntent(int)
    26:27:public void cancelAvailabilityErrorNotifications(android.content.Context)
    28:28:public int getClientVersion(android.content.Context)
    29:29:public int getApkVersion(android.content.Context)
    30:30:public boolean isPlayServicesPossiblyUpdating(android.content.Context,int)
    31:31:public boolean isPlayStorePossiblyUpdating(android.content.Context,int)
com.google.android.gms.common.GooglePlayServicesNotAvailableException
com.google.android.gms.common.GooglePlayServicesRepairableException